<?xml version="1.0" encoding="UTF-8"?>
<!-- Generated by org.testng.reporters.JUnitReportReporter -->
<testsuite skipped="0" hostname="DESKTOP-H4BVQ2V" name="dataDriven_01.readExcelData" tests="1" failures="0" timestamp="2020-05-17T14:22:46 EDT" time="1.511" errors="0">
  <testcase name="readData" time="1.511" classname="dataDriven_01.readExcelData"/>
  <system-out/>
</testsuite> <!-- dataDriven_01.readExcelData -->
