<?xml version="1.0" encoding="UTF-8"?>
<!-- Generated by org.testng.reporters.JUnitReportReporter -->
<testsuite skipped="0" hostname="DESKTOP-H4BVQ2V" name="dataDriven_01.WriteExcelData" tests="1" failures="0" timestamp="2020-05-17T16:16:00 EDT" time="0.974" errors="0">
  <testcase name="WriteExcel" time="0.974" classname="dataDriven_01.WriteExcelData"/>
  <system-out/>
</testsuite> <!-- dataDriven_01.WriteExcelData -->
