<?xml version="1.0" encoding="UTF-8"?>
<!-- Generated by org.testng.reporters.JUnitReportReporter -->
<testsuite skipped="0" hostname="DESKTOP-H4BVQ2V" name="dataDriven_01.ExcelUtilTest" tests="1" failures="0" timestamp="2020-05-17T15:40:20 EDT" time="0.839" errors="0">
  <testcase name="ExDataTest" time="0.839" classname="dataDriven_01.ExcelUtilTest"/>
  <system-out/>
</testsuite> <!-- dataDriven_01.ExcelUtilTest -->
