<?xml version="1.0" encoding="UTF-8"?>
<!-- Generated by org.testng.reporters.JUnitReportReporter -->
<testsuite skipped="0" hostname="DESKTOP-H4BVQ2V" name="dataDriven_01.readExcelData2" tests="1" failures="0" timestamp="2020-05-17T14:46:35 EDT" time="0.856" errors="0">
  <testcase name="readData" time="0.856" classname="dataDriven_01.readExcelData2"/>
  <system-out/>
</testsuite> <!-- dataDriven_01.readExcelData2 -->
