<?xml version="1.0" encoding="UTF-8"?>
<!-- Generated by org.testng.reporters.JUnitReportReporter -->
<testsuite skipped="0" hostname="DESKTOP-H4BVQ2V" name="dataDriven_01.CreatSheet" tests="1" failures="0" timestamp="2020-05-17T16:32:47 EDT" time="1.563" errors="0">
  <testcase name="createSheet1" time="1.563" classname="dataDriven_01.CreatSheet"/>
  <system-out/>
</testsuite> <!-- dataDriven_01.CreatSheet -->
